<?xml version="1.0" encoding="utf-8"?><testsuites><testsuite name="pytest" errors="0" failures="0" skipped="0" tests="7" time="169.078" timestamp="2025-01-07T15:22:41.677285+05:45" hostname="Rishan"><testcase classname="authentication.forgot_password.forgot_password_navigation_test.ForgotPassswordNavigationTest" name="test_contructor" file="authentication\forgot_password\forgot_password_navigation_test.py" line="13" time="22.079" /><testcase classname="authentication.forgot_password.forgot_password_success_test.ForgotPasswordSuccessTest" name="test_contructor" file="authentication\forgot_password\forgot_password_success_test.py" line="9" time="21.206" /><testcase classname="authentication.forgot_password.forgot_password_test_bad_email_test.ForgotPasswordBadEmailTest" name="test_contructor" file="authentication\forgot_password\forgot_password_test_bad_email_test.py" line="8" time="19.798" /><testcase classname="authentication.forgot_password.forgot_password_validation_test.ForgotPasswordValidationTest" name="test_contructor" file="authentication\forgot_password\forgot_password_validation_test.py" line="8" time="62.356" /><testcase classname="authentication.login.login_bad_creds_test.LoginBadCredsTest" name="test_contructor" file="authentication\login\login_bad_creds_test.py" line="7" time="12.381" /><testcase classname="authentication.login.login_success_test.LoginSuccessTest" name="test_contructor" file="authentication\login\login_success_test.py" line="7" time="15.532" /><testcase classname="authentication.login.login_validation_test.LoginValidationTest" name="test_contructor" file="authentication\login\login_validation_test.py" line="7" time="15.542" /></testsuite></testsuites>