<?xml version="1.0" encoding="utf-8"?><testsuites><testsuite name="pytest" errors="0" failures="0" skipped="0" tests="1" time="14.337" timestamp="2025-01-07T15:02:51.200753+05:45" hostname="Rishan"><testcase classname="authentication.forgot_password.forgot_password_navigation_test.ForgotPassswordNavigationTest" name="test_swag1_labs" file="authentication\forgot_password\forgot_password_navigation_test.py" line="13" time="14.243" /></testsuite></testsuites>