<?xml version="1.0" encoding="utf-8"?><testsuites><testsuite name="pytest" errors="0" failures="0" skipped="0" tests="5" time="91.117" timestamp="2025-01-07T14:34:19.316962+05:45" hostname="Rishan"><testcase classname="authentication.forgot_password.forgot_password_navigation_test.ForgotPassswordNavigationTest" name="test_swag_labs" file="authentication\forgot_password\forgot_password_navigation_test.py" line="13" time="14.935" /><testcase classname="authentication.forgot_password.forgot_password_success_test.ForgotPasswordTest" name="test_swag_labs" file="authentication\forgot_password\forgot_password_success_test.py" line="9" time="20.848" /><testcase classname="authentication.forgot_password.forgot_password_test_bad_email_test.ForgotPasswordTest" name="test_swag_labs" file="authentication\forgot_password\forgot_password_test_bad_email_test.py" line="8" time="19.289" /><testcase classname="authentication.forgot_password.forgot_password_validation_test.ForgotPasswordTest" name="test_swag_labs" file="authentication\forgot_password\forgot_password_validation_test.py" line="8" time="17.700" /><testcase classname="authentication.login.login_test.LoginTest" name="test_swag_labs" file="authentication\login\login_test.py" line="7" time="18.172" /></testsuite></testsuites>