<?xml version="1.0" encoding="utf-8"?><testsuites><testsuite name="pytest" errors="0" failures="0" skipped="0" tests="0" time="10.121" timestamp="2025-01-07T14:18:57.424460+05:45" hostname="Rishan"><testcase time="0.000" /></testsuite></testsuites>